[debug] [2023-10-10T19:43:37.657Z] ----------------------------------------------------------------------
[debug] [2023-10-10T19:43:37.659Z] Command:       /home/jesus-carbon/.nvm/versions/node/v18.14.0/bin/node /usr/bin/firebase init hosting
[debug] [2023-10-10T19:43:37.659Z] CLI Version:   9.19.0
[debug] [2023-10-10T19:43:37.660Z] Platform:      linux
[debug] [2023-10-10T19:43:37.660Z] Node Version:  v18.14.0
[debug] [2023-10-10T19:43:37.660Z] Time:          Tue Oct 10 2023 13:43:37 GMT-0600 (Central Standard Time)
[debug] [2023-10-10T19:43:37.660Z] ----------------------------------------------------------------------
[debug] 
[debug] [2023-10-10T19:43:37.718Z] > command requires scopes: ["email","openid","https://www.googleapis.com/auth/cloudplatformprojects.readonly","https://www.googleapis.com/auth/firebase","https://www.googleapis.com/auth/cloud-platform"]
[debug] [2023-10-10T19:43:37.718Z] > authorizing via signed-in user (jesuseusse@gmail.com)
[info] 
     ######## #### ########  ######## ########     ###     ######  ########
     ##        ##  ##     ## ##       ##     ##  ##   ##  ##       ##
     ######    ##  ########  ######   ########  #########  ######  ######
     ##        ##  ##    ##  ##       ##     ## ##     ##       ## ##
     ##       #### ##     ## ######## ########  ##     ##  ######  ########

You're about to initialize a Firebase project in this directory:

  /home/jesus-carbon/mydevs/movies-dacodes

Before we get started, keep in mind:

  * You are initializing within an existing Firebase project directory

[info] 
=== Project Setup
[info] 
[info] First, let's associate this project directory with a Firebase project.
[info] You can create multiple project aliases by running firebase use --add, 
[info] but for now we'll just set up a default project.
[info] 
[info] i  .firebaserc already has a default project, using dev-jesus. 
[debug] [2023-10-10T19:43:37.725Z] > refreshing access token with scopes: []
[debug] [2023-10-10T19:43:37.725Z] >>> HTTP REQUEST POST https://www.googleapis.com/oauth2/v3/token  
 <request body omitted>
[debug] [2023-10-10T19:43:37.911Z] <<< HTTP RESPONSE 200 {"date":"Tue, 10 Oct 2023 19:43:37 GMT","expires":"Mon, 01 Jan 1990 00:00:00 GMT","cache-control":"no-cache, no-store, max-age=0, must-revalidate","pragma":"no-cache","content-type":"application/json; charset=utf-8","vary":"X-Origin, Referer, Origin,Accept-Encoding","server":"scaffolding on HTTPServer2","x-xss-protection":"0","x-frame-options":"SAMEORIGIN","x-content-type-options":"nosniff","alt-svc":"h3=\":443\"; ma=2592000,h3-29=\":443\"; ma=2592000","accept-ranges":"none","transfer-encoding":"chunked"}
[debug] [2023-10-10T19:43:37.934Z] >>> [apiv2][query] GET https://firebase.googleapis.com/v1beta1/projects/dev-jesus [none]
[debug] [2023-10-10T19:43:38.295Z] <<< [apiv2][status] GET https://firebase.googleapis.com/v1beta1/projects/dev-jesus 200
[debug] [2023-10-10T19:43:38.297Z] <<< [apiv2][body] GET https://firebase.googleapis.com/v1beta1/projects/dev-jesus {"projectId":"dev-jesus","projectNumber":"988402050520","displayName":"dev-jesus","name":"projects/dev-jesus","resources":{"hostingSite":"dev-jesus"},"state":"ACTIVE","etag":"1_7a37fb37-b50d-49c2-ae84-0aa16b251cb0"}
[info] 
=== Hosting Setup
[info] 
[info] Your public directory is the folder (relative to your project directory) that
[info] will contain Hosting assets to be uploaded with firebase deploy. If you
[info] have a build process for your assets, use your build's output directory.
[info] 
